[10:06:08][INFO ][ContextLoader.java: 271] - Root WebApplicationContext: initialization started
[10:06:09][INFO ][ContextLoader.java: 307] - Root WebApplicationContext initialized in 561 ms
[10:06:09][INFO ][FrameworkServlet.java: 525] - Initializing Servlet 'appServlet'
[10:06:10][INFO ][FrameworkServlet.java: 547] - Completed initialization in 600 ms
[10:10:08][INFO ][ContextLoader.java: 271] - Root WebApplicationContext: initialization started
[10:10:08][INFO ][ContextLoader.java: 307] - Root WebApplicationContext initialized in 591 ms
[10:10:08][INFO ][FrameworkServlet.java: 525] - Initializing Servlet 'appServlet'
[10:10:09][INFO ][FrameworkServlet.java: 547] - Completed initialization in 581 ms
[10:10:47][INFO ][ContextLoader.java: 271] - Root WebApplicationContext: initialization started
[10:10:48][INFO ][ContextLoader.java: 307] - Root WebApplicationContext initialized in 558 ms
[10:10:48][INFO ][FrameworkServlet.java: 525] - Initializing Servlet 'appServlet'
[10:10:48][INFO ][FrameworkServlet.java: 547] - Completed initialization in 616 ms
[10:11:05][INFO ][ContextLoader.java: 271] - Root WebApplicationContext: initialization started
[10:11:05][INFO ][ContextLoader.java: 307] - Root WebApplicationContext initialized in 552 ms
[10:11:05][INFO ][FrameworkServlet.java: 525] - Initializing Servlet 'appServlet'
[10:11:06][INFO ][FrameworkServlet.java: 547] - Completed initialization in 540 ms
[10:17:36][INFO ][ContextLoader.java: 271] - Root WebApplicationContext: initialization started
[10:17:36][INFO ][ContextLoader.java: 307] - Root WebApplicationContext initialized in 576 ms
[10:17:36][INFO ][FrameworkServlet.java: 525] - Initializing Servlet 'appServlet'
[10:17:37][INFO ][FrameworkServlet.java: 547] - Completed initialization in 592 ms
[10:26:49][INFO ][ContextLoader.java: 271] - Root WebApplicationContext: initialization started
[10:26:49][INFO ][ContextLoader.java: 307] - Root WebApplicationContext initialized in 572 ms
[10:26:49][INFO ][FrameworkServlet.java: 525] - Initializing Servlet 'appServlet'
[10:26:50][INFO ][FrameworkServlet.java: 547] - Completed initialization in 608 ms
[10:45:44][INFO ][ContextLoader.java: 271] - Root WebApplicationContext: initialization started
[10:45:45][INFO ][ContextLoader.java: 307] - Root WebApplicationContext initialized in 561 ms
[10:45:45][INFO ][FrameworkServlet.java: 525] - Initializing Servlet 'appServlet'
[10:45:46][INFO ][FrameworkServlet.java: 547] - Completed initialization in 593 ms
[11:10:43][INFO ][ContextLoader.java: 271] - Root WebApplicationContext: initialization started
[11:10:43][INFO ][ContextLoader.java: 307] - Root WebApplicationContext initialized in 557 ms
[11:10:43][INFO ][FrameworkServlet.java: 525] - Initializing Servlet 'appServlet'
[11:10:44][INFO ][FrameworkServlet.java: 547] - Completed initialization in 592 ms
[13:03:16][INFO ][ContextLoader.java: 271] - Root WebApplicationContext: initialization started
[13:03:17][INFO ][ContextLoader.java: 307] - Root WebApplicationContext initialized in 448 ms
[13:03:17][INFO ][FrameworkServlet.java: 525] - Initializing Servlet 'appServlet'
[13:03:17][INFO ][FrameworkServlet.java: 547] - Completed initialization in 426 ms
[13:04:13][INFO ][ContextLoader.java: 271] - Root WebApplicationContext: initialization started
[13:04:13][INFO ][ContextLoader.java: 307] - Root WebApplicationContext initialized in 421 ms
[13:04:13][INFO ][FrameworkServlet.java: 525] - Initializing Servlet 'appServlet'
[13:04:13][INFO ][FrameworkServlet.java: 547] - Completed initialization in 401 ms
[16:02:04][INFO ][ContextLoader.java: 271] - Root WebApplicationContext: initialization started
[16:02:04][INFO ][ContextLoader.java: 307] - Root WebApplicationContext initialized in 336 ms
[16:02:04][INFO ][FrameworkServlet.java: 525] - Initializing Servlet 'appServlet'
[16:02:05][WARN ][AbstractApplicationContext.java: 591] - Exception encountered during context initialization - cancelling refresh attempt: org.springframework.beans.factory.BeanCreationException: Error creating bean with name 'companyDao': Lookup method resolution failed; nested exception is java.lang.IllegalStateException: Failed to introspect Class [com.e3i3.moduerp.company.model.dao.CompanyDao] from ClassLoader [ParallelWebappClassLoader
  context: moduerp
  delegate: false
----------> Parent Classloader:
java.net.URLClassLoader@4678c730
]
[16:02:05][ERROR][FrameworkServlet.java: 534] - Context initialization failed
org.springframework.beans.factory.BeanCreationException: Error creating bean with name 'companyDao': Lookup method resolution failed; nested exception is java.lang.IllegalStateException: Failed to introspect Class [com.e3i3.moduerp.company.model.dao.CompanyDao] from ClassLoader [ParallelWebappClassLoader
  context: moduerp
  delegate: false
----------> Parent Classloader:
java.net.URLClassLoader@4678c730
]
	at org.springframework.beans.factory.annotation.AutowiredAnnotationBeanPostProcessor.determineCandidateConstructors(AutowiredAnnotationBeanPostProcessor.java:289)
	at org.springframework.beans.factory.support.AbstractAutowireCapableBeanFactory.determineConstructorsFromBeanPostProcessors(AbstractAutowireCapableBeanFactory.java:1302)
	at org.springframework.beans.factory.support.AbstractAutowireCapableBeanFactory.createBeanInstance(AbstractAutowireCapableBeanFactory.java:1219)
	at org.springframework.beans.factory.support.AbstractAutowireCapableBeanFactory.doCreateBean(AbstractAutowireCapableBeanFactory.java:582)
	at org.springframework.beans.factory.support.AbstractAutowireCapableBeanFactory.createBean(AbstractAutowireCapableBeanFactory.java:542)
	at org.springframework.beans.factory.support.AbstractBeanFactory.lambda$doGetBean$0(AbstractBeanFactory.java:335)
	at org.springframework.beans.factory.support.DefaultSingletonBeanRegistry.getSingleton(DefaultSingletonBeanRegistry.java:234)
	at org.springframework.beans.factory.support.AbstractBeanFactory.doGetBean(AbstractBeanFactory.java:333)
	at org.springframework.beans.factory.support.AbstractBeanFactory.getBean(AbstractBeanFactory.java:208)
	at org.springframework.beans.factory.support.DefaultListableBeanFactory.preInstantiateSingletons(DefaultListableBeanFactory.java:953)
	at org.springframework.context.support.AbstractApplicationContext.finishBeanFactoryInitialization(AbstractApplicationContext.java:918)
	at org.springframework.context.support.AbstractApplicationContext.refresh(AbstractApplicationContext.java:583)
	at org.springframework.web.servlet.FrameworkServlet.configureAndRefreshWebApplicationContext(FrameworkServlet.java:702)
	at org.springframework.web.servlet.FrameworkServlet.createWebApplicationContext(FrameworkServlet.java:668)
	at org.springframework.web.servlet.FrameworkServlet.createWebApplicationContext(FrameworkServlet.java:716)
	at org.springframework.web.servlet.FrameworkServlet.initWebApplicationContext(FrameworkServlet.java:591)
	at org.springframework.web.servlet.FrameworkServlet.initServletBean(FrameworkServlet.java:530)
	at org.springframework.web.servlet.HttpServletBean.init(HttpServletBean.java:170)
	at javax.servlet.GenericServlet.init(GenericServlet.java:143)
	at org.apache.catalina.core.StandardWrapper.initServlet(StandardWrapper.java:984)
	at org.apache.catalina.core.StandardWrapper.loadServlet(StandardWrapper.java:941)
	at org.apache.catalina.core.StandardWrapper.load(StandardWrapper.java:838)
	at org.apache.catalina.core.StandardContext.loadOnStartup(StandardContext.java:4182)
	at org.apache.catalina.core.StandardContext.startInternal(StandardContext.java:4482)
	at org.apache.catalina.util.LifecycleBase.start(LifecycleBase.java:164)
	at org.apache.catalina.core.StandardContext.reload(StandardContext.java:3214)
	at org.apache.catalina.loader.WebappLoader.backgroundProcess(WebappLoader.java:273)
	at org.apache.catalina.core.StandardContext.backgroundProcess(StandardContext.java:4803)
	at org.apache.catalina.core.ContainerBase$ContainerBackgroundProcessor.processChildren(ContainerBase.java:1172)
	at org.apache.catalina.core.ContainerBase$ContainerBackgroundProcessor.processChildren(ContainerBase.java:1176)
	at org.apache.catalina.core.ContainerBase$ContainerBackgroundProcessor.processChildren(ContainerBase.java:1176)
	at org.apache.catalina.core.ContainerBase$ContainerBackgroundProcessor.run(ContainerBase.java:1154)
	at java.base/java.util.concurrent.Executors$RunnableAdapter.call(Executors.java:515)
	at java.base/java.util.concurrent.FutureTask.runAndReset(FutureTask.java:305)
	at java.base/java.util.concurrent.ScheduledThreadPoolExecutor$ScheduledFutureTask.run(ScheduledThreadPoolExecutor.java:305)
	at java.base/java.util.concurrent.ThreadPoolExecutor.runWorker(ThreadPoolExecutor.java:1128)
	at java.base/java.util.concurrent.ThreadPoolExecutor$Worker.run(ThreadPoolExecutor.java:628)
	at org.apache.tomcat.util.threads.TaskThread$WrappingRunnable.run(TaskThread.java:63)
	at java.base/java.lang.Thread.run(Thread.java:834)
Caused by: java.lang.IllegalStateException: Failed to introspect Class [com.e3i3.moduerp.company.model.dao.CompanyDao] from ClassLoader [ParallelWebappClassLoader
  context: moduerp
  delegate: false
----------> Parent Classloader:
java.net.URLClassLoader@4678c730
]
	at org.springframework.util.ReflectionUtils.getDeclaredMethods(ReflectionUtils.java:485)
	at org.springframework.util.ReflectionUtils.doWithLocalMethods(ReflectionUtils.java:321)
	at org.springframework.beans.factory.annotation.AutowiredAnnotationBeanPostProcessor.determineCandidateConstructors(AutowiredAnnotationBeanPostProcessor.java:267)
	... 38 more
Caused by: java.lang.NoClassDefFoundError: Company
	at java.base/java.lang.Class.getDeclaredMethods0(Native Method)
	at java.base/java.lang.Class.privateGetDeclaredMethods(Class.java:3167)
	at java.base/java.lang.Class.getDeclaredMethods(Class.java:2310)
	at org.springframework.util.ReflectionUtils.getDeclaredMethods(ReflectionUtils.java:467)
	... 40 more
Caused by: java.lang.ClassNotFoundException: Company
	at org.apache.catalina.loader.WebappClassLoaderBase.loadClass(WebappClassLoaderBase.java:1308)
	at org.apache.catalina.loader.WebappClassLoaderBase.loadClass(WebappClassLoaderBase.java:1120)
	... 44 more
[16:07:34][INFO ][ContextLoader.java: 271] - Root WebApplicationContext: initialization started
[16:07:35][WARN ][AbstractApplicationContext.java: 591] - Exception encountered during context initialization - cancelling refresh attempt: org.springframework.beans.factory.BeanCreationException: Error creating bean with name 'sqlSession' defined in class path resource [root-context.xml]: Invocation of init method failed; nested exception is org.springframework.core.NestedIOException: Failed to parse config resource: class path resource [mybatis-config.xml]; nested exception is org.apache.ibatis.builder.BuilderException: Error parsing SQL Mapper Configuration. Cause: org.apache.ibatis.builder.BuilderException: Error parsing Mapper XML. The XML location is 'mappers/company-mapper.xml'. Cause: java.lang.IllegalStateException: No typehandler found for property createdAt
[16:07:35][ERROR][ContextLoader.java: 313] - Context initialization failed
org.springframework.beans.factory.BeanCreationException: Error creating bean with name 'sqlSession' defined in class path resource [root-context.xml]: Invocation of init method failed; nested exception is org.springframework.core.NestedIOException: Failed to parse config resource: class path resource [mybatis-config.xml]; nested exception is org.apache.ibatis.builder.BuilderException: Error parsing SQL Mapper Configuration. Cause: org.apache.ibatis.builder.BuilderException: Error parsing Mapper XML. The XML location is 'mappers/company-mapper.xml'. Cause: java.lang.IllegalStateException: No typehandler found for property createdAt
	at org.springframework.beans.factory.support.AbstractAutowireCapableBeanFactory.initializeBean(AbstractAutowireCapableBeanFactory.java:1804)
	at org.springframework.beans.factory.support.AbstractAutowireCapableBeanFactory.doCreateBean(AbstractAutowireCapableBeanFactory.java:620)
	at org.springframework.beans.factory.support.AbstractAutowireCapableBeanFactory.createBean(AbstractAutowireCapableBeanFactory.java:542)
	at org.springframework.beans.factory.support.AbstractBeanFactory.lambda$doGetBean$0(AbstractBeanFactory.java:335)
	at org.springframework.beans.factory.support.DefaultSingletonBeanRegistry.getSingleton(DefaultSingletonBeanRegistry.java:234)
	at org.springframework.beans.factory.support.AbstractBeanFactory.doGetBean(AbstractBeanFactory.java:333)
	at org.springframework.beans.factory.support.AbstractBeanFactory.getBean(AbstractBeanFactory.java:208)
	at org.springframework.beans.factory.support.DefaultListableBeanFactory.preInstantiateSingletons(DefaultListableBeanFactory.java:934)
	at org.springframework.context.support.AbstractApplicationContext.finishBeanFactoryInitialization(AbstractApplicationContext.java:918)
	at org.springframework.context.support.AbstractApplicationContext.refresh(AbstractApplicationContext.java:583)
	at org.springframework.web.context.ContextLoader.configureAndRefreshWebApplicationContext(ContextLoader.java:401)
	at org.springframework.web.context.ContextLoader.initWebApplicationContext(ContextLoader.java:292)
	at org.springframework.web.context.ContextLoaderListener.contextInitialized(ContextLoaderListener.java:103)
	at org.apache.catalina.core.StandardContext.listenerStart(StandardContext.java:4007)
	at org.apache.catalina.core.StandardContext.startInternal(StandardContext.java:4448)
	at org.apache.catalina.util.LifecycleBase.start(LifecycleBase.java:164)
	at org.apache.catalina.core.StandardContext.reload(StandardContext.java:3214)
	at org.apache.catalina.loader.WebappLoader.backgroundProcess(WebappLoader.java:273)
	at org.apache.catalina.core.StandardContext.backgroundProcess(StandardContext.java:4803)
	at org.apache.catalina.core.ContainerBase$ContainerBackgroundProcessor.processChildren(ContainerBase.java:1172)
	at org.apache.catalina.core.ContainerBase$ContainerBackgroundProcessor.processChildren(ContainerBase.java:1176)
	at org.apache.catalina.core.ContainerBase$ContainerBackgroundProcessor.processChildren(ContainerBase.java:1176)
	at org.apache.catalina.core.ContainerBase$ContainerBackgroundProcessor.run(ContainerBase.java:1154)
	at java.base/java.util.concurrent.Executors$RunnableAdapter.call(Executors.java:515)
	at java.base/java.util.concurrent.FutureTask.runAndReset(FutureTask.java:305)
	at java.base/java.util.concurrent.ScheduledThreadPoolExecutor$ScheduledFutureTask.run(ScheduledThreadPoolExecutor.java:305)
	at java.base/java.util.concurrent.ThreadPoolExecutor.runWorker(ThreadPoolExecutor.java:1128)
	at java.base/java.util.concurrent.ThreadPoolExecutor$Worker.run(ThreadPoolExecutor.java:628)
	at org.apache.tomcat.util.threads.TaskThread$WrappingRunnable.run(TaskThread.java:63)
	at java.base/java.lang.Thread.run(Thread.java:834)
Caused by: org.springframework.core.NestedIOException: Failed to parse config resource: class path resource [mybatis-config.xml]; nested exception is org.apache.ibatis.builder.BuilderException: Error parsing SQL Mapper Configuration. Cause: org.apache.ibatis.builder.BuilderException: Error parsing Mapper XML. The XML location is 'mappers/company-mapper.xml'. Cause: java.lang.IllegalStateException: No typehandler found for property createdAt
	at org.mybatis.spring.SqlSessionFactoryBean.buildSqlSessionFactory(SqlSessionFactoryBean.java:590)
	at org.mybatis.spring.SqlSessionFactoryBean.afterPropertiesSet(SqlSessionFactoryBean.java:491)
	at org.springframework.beans.factory.support.AbstractAutowireCapableBeanFactory.invokeInitMethods(AbstractAutowireCapableBeanFactory.java:1863)
	at org.springframework.beans.factory.support.AbstractAutowireCapableBeanFactory.initializeBean(AbstractAutowireCapableBeanFactory.java:1800)
	... 29 more
Caused by: org.apache.ibatis.builder.BuilderException: Error parsing SQL Mapper Configuration. Cause: org.apache.ibatis.builder.BuilderException: Error parsing Mapper XML. The XML location is 'mappers/company-mapper.xml'. Cause: java.lang.IllegalStateException: No typehandler found for property createdAt
	at org.apache.ibatis.builder.xml.XMLConfigBuilder.parseConfiguration(XMLConfigBuilder.java:122)
	at org.apache.ibatis.builder.xml.XMLConfigBuilder.parse(XMLConfigBuilder.java:99)
	at org.mybatis.spring.SqlSessionFactoryBean.buildSqlSessionFactory(SqlSessionFactoryBean.java:587)
	... 32 more
Caused by: org.apache.ibatis.builder.BuilderException: Error parsing Mapper XML. The XML location is 'mappers/company-mapper.xml'. Cause: java.lang.IllegalStateException: No typehandler found for property createdAt
	at org.apache.ibatis.builder.xml.XMLMapperBuilder.configurationElement(XMLMapperBuilder.java:123)
	at org.apache.ibatis.builder.xml.XMLMapperBuilder.parse(XMLMapperBuilder.java:95)
	at org.apache.ibatis.builder.xml.XMLConfigBuilder.mapperElement(XMLConfigBuilder.java:377)
	at org.apache.ibatis.builder.xml.XMLConfigBuilder.parseConfiguration(XMLConfigBuilder.java:120)
	... 34 more
Caused by: java.lang.IllegalStateException: No typehandler found for property createdAt
	at org.apache.ibatis.mapping.ResultMapping$Builder.validate(ResultMapping.java:151)
	at org.apache.ibatis.mapping.ResultMapping$Builder.build(ResultMapping.java:140)
	at org.apache.ibatis.builder.MapperBuilderAssistant.buildResultMapping(MapperBuilderAssistant.java:446)
	at org.apache.ibatis.builder.xml.XMLMapperBuilder.buildResultMappingFromContext(XMLMapperBuilder.java:393)
	at org.apache.ibatis.builder.xml.XMLMapperBuilder.resultMapElement(XMLMapperBuilder.java:280)
	at org.apache.ibatis.builder.xml.XMLMapperBuilder.resultMapElement(XMLMapperBuilder.java:254)
	at org.apache.ibatis.builder.xml.XMLMapperBuilder.resultMapElements(XMLMapperBuilder.java:246)
	at org.apache.ibatis.builder.xml.XMLMapperBuilder.configurationElement(XMLMapperBuilder.java:119)
	... 37 more
<<<<<<< Updated upstream
=======
[16:41:06][INFO ][ContextLoader.java: 271] - Root WebApplicationContext: initialization started
[16:41:06][INFO ][ContextLoader.java: 307] - Root WebApplicationContext initialized in 521 ms
[16:41:06][INFO ][FrameworkServlet.java: 525] - Initializing Servlet 'appServlet'
[16:41:07][INFO ][FrameworkServlet.java: 547] - Completed initialization in 448 ms
[16:41:26][WARN ][DispatcherServlet.java: 1278] - No mapping for GET /moduerp/nlist.do
[16:41:29][WARN ][DispatcherServlet.java: 1278] - No mapping for GET /moduerp/moveAjax.do
[16:41:30][WARN ][DispatcherServlet.java: 1278] - No mapping for GET /moduerp/moveApi.do
[16:41:34][WARN ][DispatcherServlet.java: 1278] - No mapping for GET /moduerp/moveApi.do
[16:42:16][WARN ][DispatcherServlet.java: 1278] - No mapping for GET /moduerp/enrollPage.do
>>>>>>> Stashed changes
